0 verbose cli C:\Program Files\nodejs\node.exe C:\Program Files\nodejs\node_modules\npm\bin\npm-cli.js
1 info using npm@11.13.0
2 info using node@v26.1.0
3 silly config load:file:C:\Program Files\nodejs\node_modules\npm\npmrc
4 silly config load:file:D:\Documents\IM_Techified\NendPlay\nendplay\mobile\.npmrc
5 silly config load:file:C:\Users\USER\.npmrc
6 silly config load:file:C:\Users\USER\AppData\Roaming\npm\etc\npmrc
7 verbose title npm install expo-dev-client
8 verbose argv "install" "expo-dev-client" "--cache" ".npm-cache"
9 verbose logfile logs-max:10 dir:D:\Documents\IM_Techified\NendPlay\nendplay\mobile\.npm-cache\_logs\2026-05-19T14_39_34_674Z-
10 verbose logfile D:\Documents\IM_Techified\NendPlay\nendplay\mobile\.npm-cache\_logs\2026-05-19T14_39_34_674Z-debug-0.log
11 silly logfile done cleaning log files
12 silly packumentCache heap:2248146944 maxSize:562036736 maxEntrySize:281018368
13 verbose shrinkwrap failed to load node_modules/.package-lock.json out of date, updated: node_modules
14 silly idealTree buildDeps
15 silly fetch manifest expo-dev-client@~55.0.35
16 silly packumentCache full:https://registry.npmjs.org/expo-dev-client cache-miss
17 http fetch GET 200 https://registry.npmjs.org/expo-dev-client 2163ms (cache miss)
18 silly packumentCache full:https://registry.npmjs.org/expo-dev-client set size:undefined disposed:false
19 silly fetch manifest expo@~55.0.25
20 silly packumentCache full:https://registry.npmjs.org/expo cache-miss
21 http fetch GET 200 https://registry.npmjs.org/npm 3966ms
22 http fetch GET 200 https://registry.npmjs.org/expo 639ms (cache miss)
23 silly packumentCache full:https://registry.npmjs.org/expo set size:undefined disposed:false
24 silly fetch manifest @expo/dom-webview@*
25 silly packumentCache full:https://registry.npmjs.org/@expo%2fdom-webview cache-miss
26 http fetch GET 200 https://registry.npmjs.org/@expo%2fdom-webview 245ms (cache miss)
27 silly packumentCache full:https://registry.npmjs.org/@expo%2fdom-webview set size:undefined disposed:false
28 silly fetch manifest react@19.2.0
29 silly packumentCache full:https://registry.npmjs.org/react cache-miss
30 http fetch GET 200 https://registry.npmjs.org/react 712ms (cache miss)
31 silly packumentCache full:https://registry.npmjs.org/react set size:undefined disposed:false
32 silly fetch manifest react-native@0.83.6
33 silly packumentCache full:https://registry.npmjs.org/react-native cache-miss
34 http fetch GET 200 https://registry.npmjs.org/react-native 1134ms (cache miss)
35 silly packumentCache full:https://registry.npmjs.org/react-native set size:undefined disposed:false
36 silly fetch manifest @types/react@^19.1.1
37 silly packumentCache full:https://registry.npmjs.org/@types%2freact cache-miss
38 http fetch GET 200 https://registry.npmjs.org/@types%2freact 526ms (cache miss)
39 silly packumentCache full:https://registry.npmjs.org/@types%2freact set size:undefined disposed:false
40 silly fetch manifest @expo/metro-runtime@*
41 silly packumentCache full:https://registry.npmjs.org/@expo%2fmetro-runtime cache-miss
42 http fetch GET 200 https://registry.npmjs.org/@expo%2fmetro-runtime 314ms (cache miss)
43 silly packumentCache full:https://registry.npmjs.org/@expo%2fmetro-runtime set size:undefined disposed:false
44 silly fetch manifest react-dom@19.2.0
45 silly packumentCache full:https://registry.npmjs.org/react-dom cache-miss
46 http fetch GET 200 https://registry.npmjs.org/react-dom 814ms (cache miss)
47 silly packumentCache full:https://registry.npmjs.org/react-dom set size:undefined disposed:false
48 silly fetch manifest react-native-webview@*
49 silly packumentCache full:https://registry.npmjs.org/react-native-webview cache-miss
50 http fetch GET 200 https://registry.npmjs.org/react-native-webview 356ms (cache miss)
51 silly packumentCache full:https://registry.npmjs.org/react-native-webview set size:undefined disposed:false
52 silly placeDep ROOT expo-dev-client@55.0.35 OK for: nendplay-mobile@1.0.0 want: ~55.0.35
53 silly fetch manifest expo-dev-menu@55.0.30
54 silly packumentCache full:https://registry.npmjs.org/expo-dev-menu cache-miss
55 silly fetch manifest expo-manifests@~55.0.17
56 silly packumentCache full:https://registry.npmjs.org/expo-manifests cache-miss
57 silly fetch manifest expo-dev-launcher@55.0.36
58 silly packumentCache full:https://registry.npmjs.org/expo-dev-launcher cache-miss
59 http fetch GET 200 https://registry.npmjs.org/expo-manifests 394ms (cache miss)
60 silly packumentCache full:https://registry.npmjs.org/expo-manifests set size:undefined disposed:false
61 silly fetch manifest expo-updates-interface@~55.1.6
62 silly packumentCache full:https://registry.npmjs.org/expo-updates-interface cache-miss
63 http fetch GET 200 https://registry.npmjs.org/expo-dev-menu 432ms (cache miss)
64 silly packumentCache full:https://registry.npmjs.org/expo-dev-menu set size:undefined disposed:false
65 silly fetch manifest expo-dev-menu-interface@55.0.2
66 silly packumentCache full:https://registry.npmjs.org/expo-dev-menu-interface cache-miss
67 http fetch GET 200 https://registry.npmjs.org/expo-updates-interface 246ms (cache miss)
68 silly packumentCache full:https://registry.npmjs.org/expo-updates-interface set size:undefined disposed:false
69 http fetch GET 200 https://registry.npmjs.org/expo-dev-menu-interface 253ms (cache miss)
70 silly packumentCache full:https://registry.npmjs.org/expo-dev-menu-interface set size:undefined disposed:false
71 http fetch GET 200 https://registry.npmjs.org/expo-dev-launcher 1258ms (cache miss)
72 silly packumentCache full:https://registry.npmjs.org/expo-dev-launcher set size:undefined disposed:false
73 silly fetch manifest expo@*
74 silly packumentCache full:https://registry.npmjs.org/expo cache-miss
75 http cache https://registry.npmjs.org/expo 40ms (cache hit)
76 silly packumentCache full:https://registry.npmjs.org/expo set size:3768053 disposed:false
77 silly fetch manifest react@*
78 silly packumentCache full:https://registry.npmjs.org/react cache-miss
79 http cache https://registry.npmjs.org/react 51ms (cache hit)
80 silly packumentCache full:https://registry.npmjs.org/react set size:6650647 disposed:false
81 silly fetch manifest react-native@*
82 silly packumentCache full:https://registry.npmjs.org/react-native cache-miss
83 http cache https://registry.npmjs.org/react-native 94ms (cache hit)
84 silly packumentCache full:https://registry.npmjs.org/react-native set size:15284045 disposed:false
85 silly fetch manifest @react-native/jest-preset@0.85.3
86 silly packumentCache full:https://registry.npmjs.org/@react-native%2fjest-preset cache-miss
87 http fetch GET 200 https://registry.npmjs.org/@react-native%2fjest-preset 271ms (cache miss)
88 silly packumentCache full:https://registry.npmjs.org/@react-native%2fjest-preset set size:undefined disposed:false
89 silly fetch manifest react-dom@*
90 silly packumentCache full:https://registry.npmjs.org/react-dom cache-miss
91 http cache https://registry.npmjs.org/react-dom 55ms (cache hit)
92 silly packumentCache full:https://registry.npmjs.org/react-dom set size:8868827 disposed:false
93 silly placeDep ROOT expo-dev-launcher@55.0.36 OK for: expo-dev-client@55.0.35 want: 55.0.36
94 silly placeDep ROOT expo-dev-menu@55.0.30 OK for: expo-dev-client@55.0.35 want: 55.0.30
95 silly placeDep ROOT expo-dev-menu-interface@55.0.2 OK for: expo-dev-client@55.0.35 want: 55.0.2
96 silly placeDep ROOT expo-manifests@55.0.17 OK for: expo-dev-client@55.0.35 want: ~55.0.17
97 silly placeDep ROOT expo-updates-interface@55.1.6 OK for: expo-dev-client@55.0.35 want: ~55.1.6
98 silly fetch manifest expo-json-utils@~55.0.2
99 silly packumentCache full:https://registry.npmjs.org/expo-json-utils cache-miss
100 http fetch GET 200 https://registry.npmjs.org/expo-json-utils 261ms (cache miss)
101 silly packumentCache full:https://registry.npmjs.org/expo-json-utils set size:undefined disposed:false
102 silly placeDep ROOT expo-json-utils@55.0.2 OK for: expo-manifests@55.0.17 want: ~55.0.2
103 silly reify moves {}
104 silly audit bulk request {
104 silly audit   '@babel/code-frame': [ '7.29.0' ],
104 silly audit   '@babel/compat-data': [ '7.29.3' ],
104 silly audit   '@babel/core': [ '7.29.0' ],
104 silly audit   '@babel/generator': [ '7.29.1' ],
104 silly audit   '@babel/helper-annotate-as-pure': [ '7.27.3' ],
104 silly audit   '@babel/helper-compilation-targets': [ '7.28.6' ],
104 silly audit   '@babel/helper-create-class-features-plugin': [ '7.29.3' ],
104 silly audit   '@babel/helper-create-regexp-features-plugin': [ '7.28.5' ],
104 silly audit   '@babel/helper-define-polyfill-provider': [ '0.6.8' ],
104 silly audit   '@babel/helper-globals': [ '7.28.0' ],
104 silly audit   '@babel/helper-member-expression-to-functions': [ '7.28.5' ],
104 silly audit   '@babel/helper-module-imports': [ '7.28.6' ],
104 silly audit   '@babel/helper-module-transforms': [ '7.28.6' ],
104 silly audit   '@babel/helper-optimise-call-expression': [ '7.27.1' ],
104 silly audit   '@babel/helper-plugin-utils': [ '7.28.6' ],
104 silly audit   '@babel/helper-remap-async-to-generator': [ '7.27.1' ],
104 silly audit   '@babel/helper-replace-supers': [ '7.28.6' ],
104 silly audit   '@babel/helper-skip-transparent-expression-wrappers': [ '7.27.1' ],
104 silly audit   '@babel/helper-string-parser': [ '7.27.1' ],
104 silly audit   '@babel/helper-validator-identifier': [ '7.28.5' ],
104 silly audit   '@babel/helper-validator-option': [ '7.27.1' ],
104 silly audit   '@babel/helper-wrap-function': [ '7.28.6' ],
104 silly audit   '@babel/helpers': [ '7.29.2' ],
104 silly audit   '@babel/parser': [ '7.29.3' ],
104 silly audit   '@babel/plugin-proposal-decorators': [ '7.29.0' ],
104 silly audit   '@babel/plugin-proposal-export-default-from': [ '7.27.1' ],
104 silly audit   '@babel/plugin-syntax-async-generators': [ '7.8.4' ],
104 silly audit   '@babel/plugin-syntax-bigint': [ '7.8.3' ],
104 silly audit   '@babel/plugin-syntax-class-properties': [ '7.12.13' ],
104 silly audit   '@babel/plugin-syntax-class-static-block': [ '7.14.5' ],
104 silly audit   '@babel/plugin-syntax-decorators': [ '7.28.6' ],
104 silly audit   '@babel/plugin-syntax-dynamic-import': [ '7.8.3' ],
104 silly audit   '@babel/plugin-syntax-export-default-from': [ '7.28.6' ],
104 silly audit   '@babel/plugin-syntax-flow': [ '7.28.6' ],
104 silly audit   '@babel/plugin-syntax-import-attributes': [ '7.28.6' ],
104 silly audit   '@babel/plugin-syntax-import-meta': [ '7.10.4' ],
104 silly audit   '@babel/plugin-syntax-json-strings': [ '7.8.3' ],
104 silly audit   '@babel/plugin-syntax-jsx': [ '7.28.6' ],
104 silly audit   '@babel/plugin-syntax-logical-assignment-operators': [ '7.10.4' ],
104 silly audit   '@babel/plugin-syntax-nullish-coalescing-operator': [ '7.8.3' ],
104 silly audit   '@babel/plugin-syntax-numeric-separator': [ '7.10.4' ],
104 silly audit   '@babel/plugin-syntax-object-rest-spread': [ '7.8.3' ],
104 silly audit   '@babel/plugin-syntax-optional-catch-binding': [ '7.8.3' ],
104 silly audit   '@babel/plugin-syntax-optional-chaining': [ '7.8.3' ],
104 silly audit   '@babel/plugin-syntax-private-property-in-object': [ '7.14.5' ],
104 silly audit   '@babel/plugin-syntax-top-level-await': [ '7.14.5' ],
104 silly audit   '@babel/plugin-syntax-typescript': [ '7.28.6' ],
104 silly audit   '@babel/plugin-transform-arrow-functions': [ '7.27.1' ],
104 silly audit   '@babel/plugin-transform-async-generator-functions': [ '7.29.0' ],
104 silly audit   '@babel/plugin-transform-async-to-generator': [ '7.28.6' ],
104 silly audit   '@babel/plugin-transform-block-scoping': [ '7.28.6' ],
104 silly audit   '@babel/plugin-transform-class-properties': [ '7.28.6', '7.27.1' ],
104 silly audit   '@babel/plugin-transform-class-static-block': [ '7.28.6' ],
104 silly audit   '@babel/plugin-transform-classes': [ '7.28.6', '7.28.4' ],
104 silly audit   '@babel/plugin-transform-computed-properties': [ '7.28.6' ],
104 silly audit   '@babel/plugin-transform-destructuring': [ '7.28.5' ],
104 silly audit   '@babel/plugin-transform-export-namespace-from': [ '7.27.1' ],
104 silly audit   '@babel/plugin-transform-flow-strip-types': [ '7.27.1' ],
104 silly audit   '@babel/plugin-transform-for-of': [ '7.27.1' ],
104 silly audit   '@babel/plugin-transform-function-name': [ '7.27.1' ],
104 silly audit   '@babel/plugin-transform-literals': [ '7.27.1' ],
104 silly audit   '@babel/plugin-transform-logical-assignment-operators': [ '7.28.6' ],
104 silly audit   '@babel/plugin-transform-modules-commonjs': [ '7.28.6' ],
104 silly audit   '@babel/plugin-transform-named-capturing-groups-regex': [ '7.29.0' ],
104 silly audit   '@babel/plugin-transform-nullish-coalescing-operator': [ '7.28.6', '7.27.1' ],
104 silly audit   '@babel/plugin-transform-numeric-separator': [ '7.28.6' ],
104 silly audit   '@babel/plugin-transform-object-rest-spread': [ '7.28.6' ],
104 silly audit   '@babel/plugin-transform-optional-catch-binding': [ '7.28.6' ],
104 silly audit   '@babel/plugin-transform-optional-chaining': [ '7.28.6', '7.27.1' ],
104 silly audit   '@babel/plugin-transform-parameters': [ '7.27.7' ],
104 silly audit   '@babel/plugin-transform-private-methods': [ '7.28.6' ],
104 silly audit   '@babel/plugin-transform-private-property-in-object': [ '7.28.6' ],
104 silly audit   '@babel/plugin-transform-react-display-name': [ '7.28.0' ],
104 silly audit   '@babel/plugin-transform-react-jsx': [ '7.28.6' ],
104 silly audit   '@babel/plugin-transform-react-jsx-development': [ '7.27.1' ],
104 silly audit   '@babel/plugin-transform-react-jsx-self': [ '7.27.1' ],
104 silly audit   '@babel/plugin-transform-react-jsx-source': [ '7.27.1' ],
104 silly audit   '@babel/plugin-transform-react-pure-annotations': [ '7.27.1' ],
104 silly audit   '@babel/plugin-transform-regenerator': [ '7.29.0' ],
104 silly audit   '@babel/plugin-transform-runtime': [ '7.29.0' ],
104 silly audit   '@babel/plugin-transform-shorthand-properties': [ '7.27.1' ],
104 silly audit   '@babel/plugin-transform-spread': [ '7.28.6' ],
104 silly audit   '@babel/plugin-transform-sticky-regex': [ '7.27.1' ],
104 silly audit   '@babel/plugin-transform-template-literals': [ '7.27.1' ],
104 silly audit   '@babel/plugin-transform-typescript': [ '7.28.6' ],
104 silly audit   '@babel/plugin-transform-unicode-regex': [ '7.27.1' ],
104 silly audit   '@babel/preset-react': [ '7.28.5' ],
104 silly audit   '@babel/preset-typescript': [ '7.28.5', '7.27.1' ],
104 silly audit   '@babel/runtime': [ '7.29.2' ],
104 silly audit   '@babel/template': [ '7.28.6' ],
104 silly audit   '@babel/traverse': [ '7.29.0' ],
104 silly audit   '@babel/types': [ '7.29.0' ],
104 silly audit   '@egjs/hammerjs': [ '2.0.17' ],
104 silly audit   '@expo-google-fonts/material-symbols': [ '0.4.38' ],
104 silly audit   '@expo/code-signing-certificates': [ '0.0.6' ],
104 silly audit   '@expo/config': [ '55.0.17' ],
104 silly audit   '@expo/config-plugins': [ '55.0.9' ],
104 silly audit   'balanced-match': [ '4.0.4', '1.0.2' ],
104 silly audit   'brace-expansion': [ '5.0.6', '1.1.14' ],
104 silly audit   glob: [ '13.0.6', '7.2.3' ],
104 silly audit   minimatch: [ '10.2.5', '3.1.5' ],
104 silly audit   semver: [ '7.8.0', '7.6.3', '7.7.3', '6.3.1' ],
104 silly audit   '@expo/config-types': [ '55.0.5' ],
104 silly audit   '@expo/devcert': [ '1.2.1' ],
104 silly audit   debug: [ '3.2.7', '2.6.9', '4.4.3' ],
104 silly audit   '@expo/devtools': [ '55.0.3' ],
104 silly audit   '@expo/dom-webview': [ '55.0.6' ],
104 silly audit   '@expo/env': [ '2.1.2' ],
104 silly audit   '@expo/fingerprint': [ '0.16.7' ],
104 silly audit   '@expo/image-utils': [ '0.8.14' ],
104 silly audit   '@expo/json-file': [ '10.0.14' ],
104 silly audit   '@expo/local-build-cache-provider': [ '55.0.13' ],
104 silly audit   '@expo/log-box': [ '55.0.12' ],
104 silly audit   '@expo/metro': [ '55.1.1' ],
104 silly audit   '@expo/metro-config': [ '55.0.22' ],
104 silly audit   '@expo/metro-runtime': [ '55.0.11' ],
104 silly audit   '@expo/ngrok': [ '4.1.0' ],
104 silly audit   '@expo/ngrok-bin': [ '2.3.40' ],
104 silly audit   '@expo/ngrok-bin-darwin-arm64': [ '2.3.40' ],
104 silly audit   '@expo/ngrok-bin-darwin-x64': [ '2.3.40' ],
104 silly audit   '@expo/ngrok-bin-freebsd-ia32': [ '2.3.40' ],
104 silly audit   '@expo/ngrok-bin-freebsd-x64': [ '2.3.40' ],
104 silly audit   '@expo/ngrok-bin-linux-arm': [ '2.3.40' ],
104 silly audit   '@expo/ngrok-bin-linux-arm64': [ '2.3.40' ],
104 silly audit   '@expo/ngrok-bin-linux-ia32': [ '2.3.40' ],
104 silly audit   '@expo/ngrok-bin-linux-x64': [ '2.3.40' ],
104 silly audit   '@expo/ngrok-bin-sunos-x64': [ '2.3.40' ],
104 silly audit   '@expo/ngrok-bin-win32-ia32': [ '2.3.40' ],
104 silly audit   '@expo/ngrok-bin-win32-x64': [ '2.3.40' ],
104 silly audit   yaml: [ '1.10.3', '2.9.0' ],
104 silly audit   '@expo/osascript': [ '2.4.3' ],
104 silly audit   '@expo/package-manager': [ '1.10.5' ],
104 silly audit   '@expo/plist': [ '0.5.3' ],
104 silly audit   '@expo/prebuild-config': [ '55.0.18' ],
104 silly audit   '@react-native/normalize-colors': [ '0.83.6', '0.74.85' ],
104 silly audit   '@expo/require-utils': [ '55.0.5' ],
104 silly audit   '@expo/schema-utils': [ '55.0.4' ],
104 silly audit   '@expo/sdk-runtime-versions': [ '1.0.0' ],
104 silly audit   '@expo/spawn-async': [ '1.7.2' ],
104 silly audit   '@expo/sudo-prompt': [ '9.3.2' ],
104 silly audit   '@expo/vector-icons': [ '15.1.1' ],
104 silly audit   '@expo/ws-tunnel': [ '1.0.6' ],
104 silly audit   '@expo/xcpretty': [ '4.4.4' ],
104 silly audit   argparse: [ '2.0.1', '1.0.10' ],
104 silly audit   'js-yaml': [ '4.1.1', '3.14.2' ],
104 silly audit   '@isaacs/ttlcache': [ '1.4.1' ],
104 silly audit   '@istanbuljs/load-nyc-config': [ '1.1.0' ],
104 silly audit   camelcase: [ '5.3.1', '6.3.0' ],
104 silly audit   '@istanbuljs/schema': [ '0.1.6' ],
104 silly audit   '@jest/create-cache-key-function': [ '29.7.0' ],
104 silly audit   '@jest/environment': [ '29.7.0' ],
104 silly audit   '@jest/fake-timers': [ '29.7.0' ],
104 silly audit   '@jest/schemas': [ '29.6.3' ],
104 silly audit   '@jest/transform': [ '29.7.0' ],
104 silly audit   '@jest/types': [ '29.6.3' ],
104 silly audit   '@jridgewell/gen-mapping': [ '0.3.13' ],
104 silly audit   '@jridgewell/remapping': [ '2.3.5' ],
104 silly audit   '@jridgewell/resolve-uri': [ '3.1.2' ],
104 silly audit   '@jridgewell/source-map': [ '0.3.11' ],
104 silly audit   '@jridgewell/sourcemap-codec': [ '1.5.5' ],
104 silly audit   '@jridgewell/trace-mapping': [ '0.3.31' ],
104 silly audit   '@radix-ui/primitive': [ '1.1.3' ],
104 silly audit   '@radix-ui/react-collection': [ '1.1.7' ],
104 silly audit   '@radix-ui/react-slot': [ '1.2.3', '1.2.4' ],
104 silly audit   '@radix-ui/react-compose-refs': [ '1.1.2' ],
104 silly audit   '@radix-ui/react-context': [ '1.1.2' ],
104 silly audit   '@radix-ui/react-dialog': [ '1.1.15' ],
104 silly audit   '@radix-ui/react-direction': [ '1.1.1' ],
104 silly audit   '@radix-ui/react-dismissable-layer': [ '1.1.11' ],
104 silly audit   '@radix-ui/react-focus-guards': [ '1.1.3' ],
104 silly audit   '@radix-ui/react-focus-scope': [ '1.1.7' ],
104 silly audit   '@radix-ui/react-id': [ '1.1.1' ],
104 silly audit   '@radix-ui/react-portal': [ '1.1.9' ],
104 silly audit   '@radix-ui/react-presence': [ '1.1.5' ],
104 silly audit   '@radix-ui/react-primitive': [ '2.1.3' ],
104 silly audit   '@radix-ui/react-roving-focus': [ '1.1.11' ],
104 silly audit   '@radix-ui/react-tabs': [ '1.1.13' ],
104 silly audit   '@radix-ui/react-use-callback-ref': [ '1.1.1' ],
104 silly audit   '@radix-ui/react-use-controllable-state': [ '1.2.2' ],
104 silly audit   '@radix-ui/react-use-effect-event': [ '0.0.2' ],
104 silly audit   '@radix-ui/react-use-escape-keydown': [ '1.1.1' ],
104 silly audit   '@radix-ui/react-use-layout-effect': [ '1.1.1' ],
104 silly audit   '@react-native-async-storage/async-storage': [ '2.2.0' ],
104 silly audit   '@react-native/assets-registry': [ '0.83.6' ],
104 silly audit   '@react-native/babel-plugin-codegen': [ '0.83.6' ],
104 silly audit   '@react-native/babel-preset': [ '0.83.6' ],
104 silly audit   '@react-native/codegen': [ '0.83.6' ],
104 silly audit   '@react-native/community-cli-plugin': [ '0.83.6' ],
104 silly audit   '@react-native/debugger-frontend': [ '0.83.6' ],
104 silly audit   '@react-native/debugger-shell': [ '0.83.6' ],
104 silly audit   '@react-native/dev-middleware': [ '0.83.6' ],
104 silly audit   '@react-native/gradle-plugin': [ '0.83.6' ],
104 silly audit   '@react-native/js-polyfills': [ '0.83.6' ],
104 silly audit   '@react-native/virtualized-lists': [ '0.83.6' ],
104 silly audit   '@react-navigation/bottom-tabs': [ '7.16.1' ],
104 silly audit   '@react-navigation/core': [ '7.17.4' ],
104 silly audit   'react-is': [ '19.2.6', '18.3.1', '16.13.1' ],
104 silly audit   '@react-navigation/elements': [ '2.9.18' ],
104 silly audit   '@react-navigation/native': [ '7.2.4' ],
104 silly audit   '@react-navigation/routers': [ '7.5.5' ],
104 silly audit   '@react-navigation/stack': [ '7.9.2' ],
104 silly audit   '@sinclair/typebox': [ '0.27.10' ],
104 silly audit   '@sindresorhus/is': [ '4.6.0' ],
104 silly audit   '@sinonjs/commons': [ '3.0.1' ],
104 silly audit   '@sinonjs/fake-timers': [ '10.3.0' ],
104 silly audit   '@szmarczak/http-timer': [ '4.0.6' ],
104 silly audit   '@types/babel__core': [ '7.20.5' ],
104 silly audit   '@types/babel__generator': [ '7.27.0' ],
104 silly audit   '@types/babel__template': [ '7.4.4' ],
104 silly audit   '@types/babel__traverse': [ '7.28.0' ],
104 silly audit   '@types/cacheable-request': [ '6.0.3' ],
104 silly audit   '@types/graceful-fs': [ '4.1.9' ],
104 silly audit   '@types/hammerjs': [ '2.0.46' ],
104 silly audit   '@types/http-cache-semantics': [ '4.2.0' ],
104 silly audit   '@types/istanbul-lib-coverage': [ '2.0.6' ],
104 silly audit   '@types/istanbul-lib-report': [ '3.0.3' ],
104 silly audit   '@types/istanbul-reports': [ '3.0.4' ],
104 silly audit   '@types/keyv': [ '3.1.4' ],
104 silly audit   '@types/node': [ '18.19.130' ],
104 silly audit   '@types/responselike': [ '1.0.3' ],
104 silly audit   '@types/stack-utils': [ '2.0.3' ],
104 silly audit   '@types/yargs': [ '17.0.35' ],
104 silly audit   '@types/yargs-parser': [ '21.0.3' ],
104 silly audit   '@ungap/structured-clone': [ '1.3.1' ],
104 silly audit   '@xmldom/xmldom': [ '0.8.13', '0.9.10' ],
104 silly audit   'abort-controller': [ '3.0.0' ],
104 silly audit   accepts: [ '2.0.0', '1.3.8' ],
104 silly audit   'mime-db': [ '1.54.0', '1.52.0' ],
104 silly audit   'mime-types': [ '3.0.2', '2.1.35' ],
104 silly audit   acorn: [ '8.16.0' ],
104 silly audit   'agent-base': [ '6.0.2', '7.1.4' ],
104 silly audit   anser: [ '1.4.10' ],
104 silly audit   'ansi-escapes': [ '4.3.2' ],
104 silly audit   'type-fest': [ '0.21.3', '0.7.1' ],
104 silly audit   'ansi-regex': [ '4.1.1', '5.0.1' ],
104 silly audit   'ansi-styles': [ '4.3.0', '3.2.1', '5.2.0' ],
104 silly audit   anymatch: [ '3.1.3' ],
104 silly audit   picomatch: [ '2.3.2', '4.0.4' ],
104 silly audit   arg: [ '5.0.2' ],
104 silly audit   'aria-hidden': [ '1.2.6' ],
104 silly audit   asap: [ '2.0.6' ],
104 silly audit   asynckit: [ '0.4.0' ],
104 silly audit   axios: [ '1.16.1' ],
104 silly audit   'babel-jest': [ '29.7.0' ],
104 silly audit   'babel-plugin-istanbul': [ '6.1.1' ],
104 silly audit   'babel-plugin-jest-hoist': [ '29.6.3' ],
104 silly audit   'babel-plugin-polyfill-corejs2': [ '0.4.17' ],
104 silly audit   'babel-plugin-polyfill-corejs3': [ '0.13.0' ],
104 silly audit   'babel-plugin-polyfill-regenerator': [ '0.6.8' ],
104 silly audit   'babel-plugin-react-compiler': [ '1.0.0' ],
104 silly audit   'babel-plugin-react-native-web': [ '0.21.2' ],
104 silly audit   'babel-plugin-syntax-hermes-parser': [ '0.32.0' ],
104 silly audit   'babel-plugin-transform-flow-enums': [ '0.0.2' ],
104 silly audit   'babel-preset-current-node-syntax': [ '1.2.0' ],
104 silly audit   'babel-preset-expo': [ '55.0.22' ],
104 silly audit   'babel-preset-jest': [ '29.6.3' ],
104 silly audit   'base64-js': [ '1.5.1' ],
104 silly audit   'baseline-browser-mapping': [ '2.10.29' ],
104 silly audit   'better-opn': [ '3.0.2' ],
104 silly audit   open: [ '8.4.2', '7.4.2' ],
104 silly audit   'big-integer': [ '1.6.52' ],
104 silly audit   'bplist-creator': [ '0.1.0' ],
104 silly audit   'bplist-parser': [ '0.3.2', '0.3.1' ],
104 silly audit   braces: [ '3.0.3' ],
104 silly audit   browserslist: [ '4.28.2' ],
104 silly audit   bser: [ '2.1.1' ],
104 silly audit   buffer: [ '5.7.1' ],
104 silly audit   'buffer-from': [ '1.1.2' ],
104 silly audit   bytes: [ '3.1.2' ],
104 silly audit   'cacheable-lookup': [ '5.0.4' ],
104 silly audit   'cacheable-request': [ '7.0.4' ],
104 silly audit   'call-bind-apply-helpers': [ '1.0.2' ],
104 silly audit   'caniuse-lite': [ '1.0.30001792' ],
104 silly audit   chalk: [ '4.1.2', '2.4.2' ],
104 silly audit   'chrome-launcher': [ '0.15.2' ],
104 silly audit   'chromium-edge-launcher': [ '0.2.0' ],
104 silly audit   'ci-info': [ '3.9.0', '2.0.0' ],
104 silly audit   'cli-cursor': [ '2.1.0' ],
104 silly audit   'cli-spinners': [ '2.9.2' ],
104 silly audit   'client-only': [ '0.0.1' ],
104 silly audit   cliui: [ '8.0.1', '7.0.4' ],
104 silly audit   'strip-ansi': [ '6.0.1', '5.2.0' ],
104 silly audit   clone: [ '1.0.4' ],
104 silly audit   'clone-response': [ '1.0.3' ],
104 silly audit   color: [ '4.2.3' ],
104 silly audit   'color-convert': [ '2.0.1', '1.9.3' ],
104 silly audit   'color-name': [ '1.1.4', '1.1.3' ],
104 silly audit   'color-string': [ '1.9.1' ],
104 silly audit   'combined-stream': [ '1.0.8' ],
104 silly audit   commander: [ '7.2.0', '12.1.0', '2.20.3' ],
104 silly audit   compressible: [ '2.0.18' ],
104 silly audit   compression: [ '1.8.1' ],
104 silly audit   ms: [ '2.0.0', '2.1.3' ],
104 silly audit   negotiator: [ '0.6.4', '0.6.3', '1.0.0' ],
104 silly audit   'concat-map': [ '0.0.1' ],
104 silly audit   connect: [ '3.7.0' ],
104 silly audit   'convert-source-map': [ '2.0.0' ],
104 silly audit   'core-js-compat': [ '3.49.0' ],
104 silly audit   'cross-fetch': [ '3.2.0' ],
104 silly audit   'cross-spawn': [ '7.0.6' ],
104 silly audit   'css-in-js-utils': [ '3.1.0' ],
104 silly audit   'decode-uri-component': [ '0.2.2' ],
104 silly audit   'decompress-response': [ '6.0.0' ],
104 silly audit   'mimic-response': [ '3.1.0', '1.0.1' ],
104 silly audit   deepmerge: [ '4.3.1' ],
104 silly audit   defaults: [ '1.0.4' ],
104 silly audit   'defer-to-connect': [ '2.0.1' ],
104 silly audit   'define-lazy-prop': [ '2.0.0' ],
104 silly audit   'delayed-stream': [ '1.0.0' ],
104 silly audit   depd: [ '2.0.0' ],
104 silly audit   destroy: [ '1.2.0' ],
104 silly audit   'detect-libc': [ '2.1.2' ],
104 silly audit   'detect-node-es': [ '1.1.0' ],
104 silly audit   'dnssd-advertise': [ '1.1.4' ],
104 silly audit   'dunder-proto': [ '1.0.1' ],
104 silly audit   'ee-first': [ '1.1.1' ],
104 silly audit   'electron-to-chromium': [ '1.5.355' ],
104 silly audit   'emoji-regex': [ '8.0.0' ],
104 silly audit   encodeurl: [ '1.0.2', '2.0.0' ],
104 silly audit   'end-of-stream': [ '1.4.5' ],
104 silly audit   'error-stack-parser': [ '2.1.4' ],
104 silly audit   'es-define-property': [ '1.0.1' ],
104 silly audit   'es-errors': [ '1.3.0' ],
104 silly audit   'es-object-atoms': [ '1.1.1' ],
104 silly audit   'es-set-tostringtag': [ '2.1.0' ],
104 silly audit   escalade: [ '3.2.0' ],
104 silly audit   'escape-html': [ '1.0.3' ],
104 silly audit   'escape-string-regexp': [ '4.0.0', '1.0.5', '2.0.0' ],
104 silly audit   esprima: [ '4.0.1' ],
104 silly audit   etag: [ '1.8.1' ],
104 silly audit   'event-target-shim': [ '5.0.1' ],
104 silly audit   expo: [ '55.0.25' ],
104 silly audit   'expo-asset': [ '55.0.17' ],
104 silly audit   'expo-av': [ '14.0.7' ],
104 silly audit   'expo-constants': [ '55.0.16' ],
104 silly audit   'expo-device': [ '55.0.17' ],
104 silly audit   'expo-document-picker': [ '55.0.13' ],
104 silly audit   'expo-file-system': [ '55.0.21' ],
104 silly audit   'expo-font': [ '55.0.8' ],
104 silly audit   'expo-glass-effect': [ '55.0.11' ],
104 silly audit   'expo-image': [ '55.0.10' ],
104 silly audit   'expo-image-loader': [ '55.0.0' ],
104 silly audit   'expo-image-picker': [ '55.0.20' ],
104 silly audit   'expo-keep-awake': [ '55.0.8' ],
104 silly audit   'expo-linking': [ '55.0.15' ],
104 silly audit   'expo-modules-autolinking': [ '55.0.23' ],
104 silly audit   'expo-network': [ '55.0.14' ],
104 silly audit   'expo-router': [ '55.0.15' ],
104 silly audit   '@react-navigation/native-stack': [ '7.15.1' ],
104 silly audit   'expo-secure-store': [ '55.0.14' ],
104 silly audit   'expo-server': [ '55.0.10' ],
104 silly audit   'expo-splash-screen': [ '55.0.21' ],
104 silly audit   'expo-status-bar': [ '55.0.6' ],
104 silly audit   'expo-symbols': [ '55.0.9' ],
104 silly audit   '@expo/cli': [ '55.0.31' ],
104 silly audit   '@expo/router-server': [ '55.0.17' ],
104 silly audit   'expo-modules-core': [ '55.0.25' ],
104 silly audit   ws: [ '8.20.1', '7.5.10' ],
104 silly audit   'exponential-backoff': [ '3.1.3' ],
104 silly audit   'fast-deep-equal': [ '3.1.3' ],
104 silly audit   'fast-json-stable-stringify': [ '2.1.0' ],
104 silly audit   'fb-dotslash': [ '0.5.8' ],
104 silly audit   'fb-watchman': [ '2.0.2' ],
104 silly audit   fbjs: [ '3.0.5' ],
104 silly audit   'fbjs-css-vars': [ '1.0.2' ],
104 silly audit   'ua-parser-js': [ '1.0.41', '0.7.41' ],
104 silly audit   'fetch-nodeshim': [ '0.4.10' ],
104 silly audit   'fill-range': [ '7.1.1' ],
104 silly audit   'filter-obj': [ '1.1.0' ],
104 silly audit   finalhandler: [ '1.1.2' ],
104 silly audit   'find-up': [ '4.1.0' ],
104 silly audit   'flow-enums-runtime': [ '0.0.6' ],
104 silly audit   'follow-redirects': [ '1.16.0' ],
104 silly audit   fontfaceobserver: [ '2.3.0' ],
104 silly audit   'form-data': [ '4.0.5' ],
104 silly audit   fresh: [ '0.5.2' ],
104 silly audit   'fs.realpath': [ '1.0.0' ],
104 silly audit   fsevents: [ '2.3.3' ],
104 silly audit   'function-bind': [ '1.1.2' ],
104 silly audit   gensync: [ '1.0.0-beta.2' ],
104 silly audit   'get-caller-file': [ '2.0.5' ],
104 silly audit   'get-intrinsic': [ '1.3.0' ],
104 silly audit   'get-nonce': [ '1.0.1' ],
104 silly audit   'get-package-type': [ '0.1.0' ],
104 silly audit   'get-proto': [ '1.0.1' ],
104 silly audit   'get-stream': [ '5.2.0' ],
104 silly audit   getenv: [ '2.0.0' ],
104 silly audit   gopd: [ '1.2.0' ],
104 silly audit   got: [ '11.8.6' ],
104 silly audit   'graceful-fs': [ '4.2.11' ],
104 silly audit   'has-flag': [ '4.0.0', '3.0.0' ],
104 silly audit   'has-symbols': [ '1.1.0' ],
104 silly audit   'has-tostringtag': [ '1.0.2' ],
104 silly audit   hasown: [ '2.0.3' ],
104 silly audit   'hermes-compiler': [ '0.14.1' ],
104 silly audit   'hermes-estree': [ '0.32.0', '0.35.0' ],
104 silly audit   'hermes-parser': [ '0.32.0', '0.35.0' ],
104 silly audit   'hoist-non-react-statics': [ '3.3.2' ],
104 silly audit   'hosted-git-info': [ '7.0.2' ],
104 silly audit   'lru-cache': [ '10.4.3', '5.1.1', '11.4.0' ],
104 silly audit   'http-cache-semantics': [ '4.2.0' ],
104 silly audit   'http-errors': [ '2.0.1' ],
104 silly audit   statuses: [ '2.0.2', '1.5.0' ],
104 silly audit   'http2-wrapper': [ '1.0.3' ],
104 silly audit   'https-proxy-agent': [ '5.0.1', '7.0.6' ],
104 silly audit   'hyphenate-style-name': [ '1.1.0' ],
104 silly audit   ieee754: [ '1.2.1' ],
104 silly audit   ignore: [ '5.3.2' ],
104 silly audit   'image-size': [ '1.2.1' ],
104 silly audit   imurmurhash: [ '0.1.4' ],
104 silly audit   inflight: [ '1.0.6' ],
104 silly audit   inherits: [ '2.0.4' ],
104 silly audit   'inline-style-prefixer': [ '7.0.1' ],
104 silly audit   invariant: [ '2.2.4' ],
104 silly audit   'is-core-module': [ '2.16.2' ],
104 silly audit   'is-docker': [ '2.2.1' ],
104 silly audit   'is-number': [ '7.0.0' ],
104 silly audit   'is-plain-obj': [ '2.1.0' ],
104 silly audit   'is-wsl': [ '2.2.0' ],
104 silly audit   isexe: [ '2.0.0' ],
104 silly audit   'istanbul-lib-coverage': [ '3.2.2' ],
104 silly audit   'istanbul-lib-instrument': [ '5.2.1' ],
104 silly audit   'jest-environment-node': [ '29.7.0' ],
104 silly audit   'jest-get-type': [ '29.6.3' ],
104 silly audit   'jest-haste-map': [ '29.7.0' ],
104 silly audit   'jest-message-util': [ '29.7.0' ],
104 silly audit   'jest-mock': [ '29.7.0' ],
104 silly audit   'jest-regex-util': [ '29.6.3' ],
104 silly audit   'jest-util': [ '29.7.0' ],
104 silly audit   'jest-validate': [ '29.7.0' ],
104 silly audit   'jest-worker': [ '29.7.0' ],
104 silly audit   'supports-color': [ '8.1.1', '5.5.0', '7.2.0' ],
104 silly audit   'jimp-compact': [ '0.16.1' ],
104 silly audit   'js-tokens': [ '4.0.0' ],
104 silly audit   'jsc-safe-url': [ '0.2.4' ],
104 silly audit   jsesc: [ '3.1.0' ],
104 silly audit   'json-buffer': [ '3.0.1' ],
104 silly audit   json5: [ '2.2.3' ],
104 silly audit   keyv: [ '4.5.4' ],
104 silly audit   kleur: [ '3.0.3' ],
104 silly audit   'lan-network': [ '0.2.1' ],
104 silly audit   leven: [ '3.1.0' ],
104 silly audit   'lighthouse-logger': [ '1.4.2' ],
104 silly audit   lightningcss: [ '1.32.0' ],
104 silly audit   'lightningcss-android-arm64': [ '1.32.0' ],
104 silly audit   'lightningcss-darwin-arm64': [ '1.32.0' ],
104 silly audit   'lightningcss-darwin-x64': [ '1.32.0' ],
104 silly audit   'lightningcss-freebsd-x64': [ '1.32.0' ],
104 silly audit   'lightningcss-linux-arm-gnueabihf': [ '1.32.0' ],
104 silly audit   'lightningcss-linux-arm64-gnu': [ '1.32.0' ],
104 silly audit   'lightningcss-linux-arm64-musl': [ '1.32.0' ],
104 silly audit   'lightningcss-linux-x64-gnu': [ '1.32.0' ],
104 silly audit   'lightningcss-linux-x64-musl': [ '1.32.0' ],
104 silly audit   'lightningcss-win32-arm64-msvc': [ '1.32.0' ],
104 silly audit   'lightningcss-win32-x64-msvc': [ '1.32.0' ],
104 silly audit   'locate-path': [ '5.0.0' ],
104 silly audit   'lodash.debounce': [ '4.0.8' ],
104 silly audit   'lodash.throttle': [ '4.1.1' ],
104 silly audit   'log-symbols': [ '2.2.0' ],
104 silly audit   'loose-envify': [ '1.4.0' ],
104 silly audit   'lowercase-keys': [ '2.0.0' ],
104 silly audit   makeerror: [ '1.0.12' ],
104 silly audit   marky: [ '1.3.0' ],
104 silly audit   'math-intrinsics': [ '1.1.0' ],
104 silly audit   'memoize-one': [ '5.2.1', '6.0.0' ],
104 silly audit   'merge-options': [ '3.0.4' ],
104 silly audit   'merge-stream': [ '2.0.0' ],
104 silly audit   metro: [ '0.83.7' ],
104 silly audit   'metro-babel-transformer': [ '0.83.7' ],
104 silly audit   'metro-cache': [ '0.83.7' ],
104 silly audit   'metro-cache-key': [ '0.83.7' ],
104 silly audit   'metro-config': [ '0.83.7' ],
104 silly audit   'metro-core': [ '0.83.7' ],
104 silly audit   'metro-file-map': [ '0.83.7' ],
104 silly audit   'metro-minify-terser': [ '0.83.7' ],
104 silly audit   'metro-resolver': [ '0.83.7' ],
104 silly audit   'metro-runtime': [ '0.83.7' ],
104 silly audit   'metro-source-map': [ '0.83.7' ],
104 silly audit   'metro-symbolicate': [ '0.83.7' ],
104 silly audit   'metro-transform-plugins': [ '0.83.7' ],
104 silly audit   'metro-transform-worker': [ '0.83.7' ],
104 silly audit   micromatch: [ '4.0.8' ],
104 silly audit   'mimic-fn': [ '1.2.0' ],
104 silly audit   minipass: [ '7.1.3' ],
104 silly audit   mkdirp: [ '1.0.4' ],
104 silly audit   multitars: [ '1.0.0' ],
104 silly audit   nanoid: [ '3.3.12' ],
104 silly audit   'node-fetch': [ '2.7.0' ],
104 silly audit   'node-forge': [ '1.4.0' ],
104 silly audit   'node-int64': [ '0.4.0' ],
104 silly audit   'node-releases': [ '2.0.44' ],
104 silly audit   'normalize-path': [ '3.0.0' ],
104 silly audit   'normalize-url': [ '6.1.0' ],
104 silly audit   'npm-package-arg': [ '11.0.3' ],
104 silly audit   nullthrows: [ '1.1.1' ],
104 silly audit   ob1: [ '0.83.7' ],
104 silly audit   'object-assign': [ '4.1.1' ],
104 silly audit   'on-finished': [ '2.3.0', '2.4.1' ],
104 silly audit   'on-headers': [ '1.1.0' ],
104 silly audit   once: [ '1.4.0' ],
104 silly audit   onetime: [ '2.0.1' ],
104 silly audit   ora: [ '3.4.0' ],
104 silly audit   'p-cancelable': [ '2.1.1' ],
104 silly audit   'p-limit': [ '2.3.0' ],
104 silly audit   'p-locate': [ '4.1.0' ],
104 silly audit   'p-try': [ '2.2.0' ],
104 silly audit   'parse-png': [ '2.1.0' ],
104 silly audit   parseurl: [ '1.3.3' ],
104 silly audit   'path-exists': [ '4.0.0' ],
104 silly audit   'path-is-absolute': [ '1.0.1' ],
104 silly audit   'path-key': [ '3.1.1' ],
104 silly audit   'path-parse': [ '1.0.7' ],
104 silly audit   'path-scurry': [ '2.0.2' ],
104 silly audit   picocolors: [ '1.1.1' ],
104 silly audit   pirates: [ '4.0.7' ],
104 silly audit   plist: [ '3.1.1' ],
104 silly audit   pngjs: [ '3.4.0' ],
104 silly audit   postcss: [ '8.5.15' ],
104 silly audit   'postcss-value-parser': [ '4.2.0' ],
104 silly audit   'pretty-format': [ '29.7.0' ],
104 silly audit   'proc-log': [ '4.2.0' ],
104 silly audit   progress: [ '2.0.3' ],
104 silly audit   promise: [ '7.3.1', '8.3.0' ],
104 silly audit   prompts: [ '2.4.2' ],
104 silly audit   'prop-types': [ '15.8.1' ],
104 silly audit   'proxy-from-env': [ '2.1.0' ],
104 silly audit   pump: [ '3.0.4' ],
104 silly audit   punycode: [ '2.3.1' ],
104 silly audit   'query-string': [ '7.1.3' ],
104 silly audit   queue: [ '6.0.2' ],
104 silly audit   'quick-lru': [ '5.1.1' ],
104 silly audit   'range-parser': [ '1.2.1' ],
104 silly audit   react: [ '19.2.0' ],
104 silly audit   'react-devtools-core': [ '6.1.5' ],
104 silly audit   'react-dom': [ '19.2.0' ],
104 silly audit   'react-fast-compare': [ '3.2.2' ],
104 silly audit   'react-freeze': [ '1.0.4' ],
104 silly audit   'react-native': [ '0.83.6' ],
104 silly audit   'react-native-gesture-handler': [ '2.30.1' ],
104 silly audit   'react-native-is-edge-to-edge': [ '1.3.1', '1.2.1' ],
104 silly audit   'react-native-reanimated': [ '4.2.1' ],
104 silly audit   'react-native-safe-area-context': [ '5.6.2' ],
104 silly audit   'react-native-screens': [ '4.23.0' ],
104 silly audit   'react-native-url-polyfill': [ '3.0.0' ],
104 silly audit   'react-native-vector-icons': [ '10.3.0' ],
104 silly audit   yargs: [ '16.2.0', '17.7.2' ],
104 silly audit   'yargs-parser': [ '20.2.9', '21.1.1' ],
104 silly audit   'react-native-web': [ '0.21.2' ],
104 silly audit   'react-native-worklets': [ '0.7.4' ],
104 silly audit   'react-refresh': [ '0.14.2' ],
104 silly audit   'react-remove-scroll': [ '2.7.2' ],
104 silly audit   'react-remove-scroll-bar': [ '2.3.8' ],
104 silly audit   'react-style-singleton': [ '2.2.3' ],
104 silly audit   regenerate: [ '1.4.2' ],
104 silly audit   'regenerate-unicode-properties': [ '10.2.2' ],
104 silly audit   'regenerator-runtime': [ '0.13.11' ],
104 silly audit   'regexpu-core': [ '6.4.0' ],
104 silly audit   regjsgen: [ '0.8.0' ],
104 silly audit   regjsparser: [ '0.13.1' ],
104 silly audit   'require-directory': [ '2.1.1' ],
104 silly audit   resolve: [ '1.22.12' ],
104 silly audit   'resolve-alpn': [ '1.2.1' ],
104 silly audit   'resolve-from': [ '5.0.0' ],
104 silly audit   'resolve-workspace-root': [ '2.0.1' ],
104 silly audit   responselike: [ '2.0.1' ],
104 silly audit   'restore-cursor': [ '2.0.0' ],
104 silly audit   rimraf: [ '3.0.2' ],
104 silly audit   'safe-buffer': [ '5.2.1' ],
104 silly audit   sax: [ '1.6.0' ],
104 silly audit   scheduler: [ '0.27.0' ],
104 silly audit   send: [ '0.19.2' ],
104 silly audit   mime: [ '1.6.0' ],
104 silly audit   'serialize-error': [ '2.1.0' ],
104 silly audit   'serve-static': [ '1.16.3' ],
104 silly audit   'server-only': [ '0.0.1' ],
104 silly audit   setimmediate: [ '1.0.5' ],
104 silly audit   setprototypeof: [ '1.2.0' ],
104 silly audit   'sf-symbols-typescript': [ '2.2.0' ],
104 silly audit   shallowequal: [ '1.1.0' ],
104 silly audit   'shebang-command': [ '2.0.0' ],
104 silly audit   'shebang-regex': [ '3.0.0' ],
104 silly audit   'shell-quote': [ '1.8.3' ],
104 silly audit   'signal-exit': [ '3.0.7' ],
104 silly audit   'simple-plist': [ '1.3.1' ],
104 silly audit   'simple-swizzle': [ '0.2.4' ],
104 silly audit   'is-arrayish': [ '0.3.4' ],
104 silly audit   sisteransi: [ '1.0.5' ],
104 silly audit   slash: [ '3.0.0' ],
104 silly audit   slugify: [ '1.6.9' ],
104 silly audit   'source-map': [ '0.5.7', '0.6.1' ],
104 silly audit   'source-map-js': [ '1.2.1' ],
104 silly audit   'source-map-support': [ '0.5.21' ],
104 silly audit   'split-on-first': [ '1.1.0' ],
104 silly audit   'sprintf-js': [ '1.0.3' ],
104 silly audit   'stack-utils': [ '2.0.6' ],
104 silly audit   stackframe: [ '1.3.4' ],
104 silly audit   'stacktrace-parser': [ '0.1.11' ],
104 silly audit   'stream-buffers': [ '2.2.0' ],
104 silly audit   'strict-uri-encode': [ '2.0.0' ],
104 silly audit   'string-width': [ '4.2.3' ],
104 silly audit   'is-fullwidth-code-point': [ '3.0.0' ],
104 silly audit   'structured-headers': [ '0.4.1' ],
104 silly audit   styleq: [ '0.1.3' ],
104 silly audit   'supports-hyperlinks': [ '2.3.0' ],
104 silly audit   'supports-preserve-symlinks-flag': [ '1.0.0' ],
104 silly audit   'terminal-link': [ '2.1.1' ],
104 silly audit   terser: [ '5.47.1' ],
104 silly audit   'test-exclude': [ '6.0.0' ],
104 silly audit   throat: [ '5.0.0' ],
104 silly audit   tmpl: [ '1.0.5' ],
104 silly audit   'to-regex-range': [ '5.0.1' ],
104 silly audit   toidentifier: [ '1.0.1' ],
104 silly audit   toqr: [ '0.1.1' ],
104 silly audit   tr46: [ '0.0.3' ],
104 silly audit   tslib: [ '2.8.1' ],
104 silly audit   'type-detect': [ '4.0.8' ],
104 silly audit   'undici-types': [ '5.26.5' ],
104 silly audit   'unicode-canonical-property-names-ecmascript': [ '2.0.1' ],
104 silly audit   'unicode-match-property-ecmascript': [ '2.0.0' ],
104 silly audit   'unicode-match-property-value-ecmascript': [ '2.2.1' ],
104 silly audit   'unicode-property-aliases-ecmascript': [ '2.2.0' ],
104 silly audit   unpipe: [ '1.0.0' ],
104 silly audit   'update-browserslist-db': [ '1.2.3' ],
104 silly audit   'use-callback-ref': [ '1.3.3' ],
104 silly audit   'use-latest-callback': [ '0.2.6' ],
104 silly audit   'use-sidecar': [ '1.1.3' ],
104 silly audit   'use-sync-external-store': [ '1.6.0' ],
104 silly audit   'utils-merge': [ '1.0.1' ],
104 silly audit   uuid: [ '3.4.0', '7.0.3' ],
104 silly audit   'validate-npm-package-name': [ '5.0.1' ],
104 silly audit   vary: [ '1.1.2' ],
104 silly audit   vaul: [ '1.1.2' ],
104 silly audit   vlq: [ '1.0.1' ],
104 silly audit   walker: [ '1.0.8' ],
104 silly audit   'warn-once': [ '0.1.1' ],
104 silly audit   wcwidth: [ '1.0.1' ],
104 silly audit   'webidl-conversions': [ '3.0.1', '5.0.0' ],
104 silly audit   'whatwg-fetch': [ '3.6.20' ],
104 silly audit   'whatwg-url': [ '5.0.0' ],
104 silly audit   'whatwg-url-minimum': [ '0.1.2' ],
104 silly audit   'whatwg-url-without-unicode': [ '8.0.0-3' ],
104 silly audit   which: [ '2.0.2' ],
104 silly audit   'wrap-ansi': [ '7.0.0' ],
104 silly audit   wrappy: [ '1.0.2' ],
104 silly audit   'write-file-atomic': [ '4.0.2' ],
104 silly audit   xcode: [ '3.0.1' ],
104 silly audit   xml2js: [ '0.6.0' ],
104 silly audit   xmlbuilder: [ '11.0.1', '15.1.1' ],
104 silly audit   y18n: [ '5.0.8' ],
104 silly audit   yallist: [ '3.1.1' ],
104 silly audit   zod: [ '3.25.76' ],
104 silly audit   zustand: [ '4.5.7' ],
104 silly audit   'expo-dev-client': [ '55.0.35' ],
104 silly audit   'expo-dev-launcher': [ '55.0.36' ],
104 silly audit   'expo-dev-menu': [ '55.0.30' ],
104 silly audit   'expo-dev-menu-interface': [ '55.0.2' ],
104 silly audit   'expo-manifests': [ '55.0.17' ],
104 silly audit   'expo-updates-interface': [ '55.1.6' ],
104 silly audit   'expo-json-utils': [ '55.0.2' ]
104 silly audit }
105 http cache expo-manifests@https://registry.npmjs.org/expo-manifests/-/expo-manifests-55.0.17.tgz 0ms (cache hit)
106 http cache expo-json-utils@https://registry.npmjs.org/expo-json-utils/-/expo-json-utils-55.0.2.tgz 0ms (cache hit)
107 http cache expo-updates-interface@https://registry.npmjs.org/expo-updates-interface/-/expo-updates-interface-55.1.6.tgz 0ms (cache hit)
108 http cache expo-dev-menu-interface@https://registry.npmjs.org/expo-dev-menu-interface/-/expo-dev-menu-interface-55.0.2.tgz 0ms (cache hit)
109 http cache expo-dev-menu@https://registry.npmjs.org/expo-dev-menu/-/expo-dev-menu-55.0.30.tgz 0ms (cache hit)
110 http cache expo-dev-launcher@https://registry.npmjs.org/expo-dev-launcher/-/expo-dev-launcher-55.0.36.tgz 1ms (cache hit)
111 http cache expo-dev-client@https://registry.npmjs.org/expo-dev-client/-/expo-dev-client-55.0.35.tgz 0ms (cache hit)
112 silly tarball no local data for expo-manifests@https://registry.npmjs.org/expo-manifests/-/expo-manifests-55.0.17.tgz. Extracting by manifest.
113 silly tarball no local data for expo-json-utils@https://registry.npmjs.org/expo-json-utils/-/expo-json-utils-55.0.2.tgz. Extracting by manifest.
114 silly tarball no local data for expo-updates-interface@https://registry.npmjs.org/expo-updates-interface/-/expo-updates-interface-55.1.6.tgz. Extracting by manifest.
115 silly tarball no local data for expo-dev-menu-interface@https://registry.npmjs.org/expo-dev-menu-interface/-/expo-dev-menu-interface-55.0.2.tgz. Extracting by manifest.
116 silly tarball no local data for expo-dev-menu@https://registry.npmjs.org/expo-dev-menu/-/expo-dev-menu-55.0.30.tgz. Extracting by manifest.
117 silly tarball no local data for expo-dev-launcher@https://registry.npmjs.org/expo-dev-launcher/-/expo-dev-launcher-55.0.36.tgz. Extracting by manifest.
118 silly tarball no local data for expo-dev-client@https://registry.npmjs.org/expo-dev-client/-/expo-dev-client-55.0.35.tgz. Extracting by manifest.
119 http fetch GET 200 https://registry.npmjs.org/expo-manifests/-/expo-manifests-55.0.17.tgz 236ms (cache miss)
120 http fetch GET 200 https://registry.npmjs.org/expo-json-utils/-/expo-json-utils-55.0.2.tgz 234ms (cache miss)
121 http fetch POST 200 https://registry.npmjs.org/-/npm/v1/security/advisories/bulk 374ms
122 silly audit report {}
123 http fetch GET 200 https://registry.npmjs.org/expo-dev-menu-interface/-/expo-dev-menu-interface-55.0.2.tgz 1998ms (cache miss)
124 http fetch GET 200 https://registry.npmjs.org/expo-updates-interface/-/expo-updates-interface-55.1.6.tgz 2128ms (cache miss)
125 http fetch GET 200 https://registry.npmjs.org/expo-dev-client/-/expo-dev-client-55.0.35.tgz 2260ms (cache miss)
126 http fetch GET 200 https://registry.npmjs.org/expo-dev-menu/-/expo-dev-menu-55.0.30.tgz 4419ms (cache miss)
127 http fetch GET 200 https://registry.npmjs.org/expo-dev-launcher/-/expo-dev-launcher-55.0.36.tgz 4984ms (cache miss)
128 silly ADD node_modules/expo-json-utils
129 silly ADD node_modules/expo-updates-interface
130 silly ADD node_modules/expo-manifests
131 silly ADD node_modules/expo-dev-menu-interface
132 silly ADD node_modules/expo-dev-menu
133 silly ADD node_modules/expo-dev-launcher
134 silly ADD node_modules/expo-dev-client
135 verbose cwd D:\Documents\IM_Techified\NendPlay\nendplay\mobile
136 verbose os Windows_NT 10.0.19045
137 verbose node v26.1.0
138 verbose npm  v11.13.0
139 notice
139 notice New minor version of npm available! 11.13.0 -> 11.14.1
139 notice Changelog: https://github.com/npm/cli/releases/tag/v11.14.1
139 notice To update run: npm install -g npm@11.14.1
139 notice  { force: true, Symbol(proc-log.meta): true }
140 verbose exit 0
141 info ok
